<?xml version="1.0" encoding="UTF-8"?>
<!-- Generated by org.testng.reporters.JUnitReportReporter -->
<testsuite skipped="0" hostname="IBM647-PC09E9A7" name="mavenProject.GoogleTest1" tests="1" failures="0" timestamp="04 Apr 2019 10:30:45 GMT" time="0.010" errors="0">
  <testcase name="f" time="0.010" classname="mavenProject.GoogleTest1"/>
</testsuite> <!-- mavenProject.GoogleTest1 -->
