<?xml version="1.0" encoding="UTF-8"?>
<!-- Generated by org.testng.reporters.JUnitReportReporter -->
<testsuite skipped="0" hostname="IBM647-PC09E9A7" name="mavenProject.Google" tests="1" failures="0" timestamp="07 Mar 2019 09:53:48 GMT" time="0.035" errors="0">
  <testcase name="f" time="0.035" classname="mavenProject.Google"/>
</testsuite> <!-- mavenProject.Google -->
